<?xml version="1.0" encoding="UTF-8"?>
<testsuite xmlns:xsi="http://www.w3.org/2001/XMLSchema-instance" xsi:noNamespaceSchemaLocation="https://maven.apache.org/surefire/maven-surefire-plugin/xsd/surefire-test-report.xsd" name="com.hmh.zhihu.ZhihuApplicationTests" time="3.174" tests="1" errors="0" skipped="0" failures="0">
  <properties>
    <property name="sun.desktop" value="windows"/>
    <property name="awt.toolkit" value="sun.awt.windows.WToolkit"/>
    <property name="file.encoding.pkg" value="sun.io"/>
    <property name="java.specification.version" value="1.8"/>
    <property name="sun.cpu.isalist" value="amd64"/>
    <property name="sun.jnu.encoding" value="GBK"/>
    <property name="java.class.path" value="D:\JAVAProgram\zhihu\target\test-classes;D:\JAVAProgram\zhihu\target\classes;D:\Maven\repository\org\springframework\boot\spring-boot-starter\2.7.14\spring-boot-starter-2.7.14.jar;D:\Maven\repository\org\springframework\boot\spring-boot\2.7.14\spring-boot-2.7.14.jar;D:\Maven\repository\org\springframework\spring-context\5.3.29\spring-context-5.3.29.jar;D:\Maven\repository\org\springframework\spring-aop\5.3.29\spring-aop-5.3.29.jar;D:\Maven\repository\org\springframework\spring-beans\5.3.29\spring-beans-5.3.29.jar;D:\Maven\repository\org\springframework\spring-expression\5.3.29\spring-expression-5.3.29.jar;D:\Maven\repository\org\springframework\boot\spring-boot-autoconfigure\2.7.14\spring-boot-autoconfigure-2.7.14.jar;D:\Maven\repository\org\springframework\boot\spring-boot-starter-logging\2.7.14\spring-boot-starter-logging-2.7.14.jar;D:\Maven\repository\ch\qos\logback\logback-classic\1.2.12\logback-classic-1.2.12.jar;D:\Maven\repository\ch\qos\logback\logback-core\1.2.12\logback-core-1.2.12.jar;D:\Maven\repository\org\apache\logging\log4j\log4j-to-slf4j\2.17.2\log4j-to-slf4j-2.17.2.jar;D:\Maven\repository\org\apache\logging\log4j\log4j-api\2.17.2\log4j-api-2.17.2.jar;D:\Maven\repository\org\slf4j\jul-to-slf4j\1.7.36\jul-to-slf4j-1.7.36.jar;D:\Maven\repository\jakarta\annotation\jakarta.annotation-api\1.3.5\jakarta.annotation-api-1.3.5.jar;D:\Maven\repository\org\springframework\spring-core\5.3.29\spring-core-5.3.29.jar;D:\Maven\repository\org\springframework\spring-jcl\5.3.29\spring-jcl-5.3.29.jar;D:\Maven\repository\org\yaml\snakeyaml\1.30\snakeyaml-1.30.jar;D:\Maven\repository\org\springframework\boot\spring-boot-devtools\2.7.14\spring-boot-devtools-2.7.14.jar;D:\Maven\repository\org\springframework\boot\spring-boot-configuration-processor\2.7.14\spring-boot-configuration-processor-2.7.14.jar;D:\Maven\repository\org\projectlombok\lombok\1.18.28\lombok-1.18.28.jar;D:\Maven\repository\org\springframework\boot\spring-boot-starter-test\2.7.14\spring-boot-starter-test-2.7.14.jar;D:\Maven\repository\org\springframework\boot\spring-boot-test\2.7.14\spring-boot-test-2.7.14.jar;D:\Maven\repository\org\springframework\boot\spring-boot-test-autoconfigure\2.7.14\spring-boot-test-autoconfigure-2.7.14.jar;D:\Maven\repository\com\jayway\jsonpath\json-path\2.7.0\json-path-2.7.0.jar;D:\Maven\repository\net\minidev\json-smart\2.4.11\json-smart-2.4.11.jar;D:\Maven\repository\net\minidev\accessors-smart\2.4.11\accessors-smart-2.4.11.jar;D:\Maven\repository\org\ow2\asm\asm\9.3\asm-9.3.jar;D:\Maven\repository\org\slf4j\slf4j-api\1.7.36\slf4j-api-1.7.36.jar;D:\Maven\repository\jakarta\xml\bind\jakarta.xml.bind-api\2.3.3\jakarta.xml.bind-api-2.3.3.jar;D:\Maven\repository\jakarta\activation\jakarta.activation-api\1.2.2\jakarta.activation-api-1.2.2.jar;D:\Maven\repository\org\assertj\assertj-core\3.22.0\assertj-core-3.22.0.jar;D:\Maven\repository\org\hamcrest\hamcrest\2.2\hamcrest-2.2.jar;D:\Maven\repository\org\junit\jupiter\junit-jupiter\5.8.2\junit-jupiter-5.8.2.jar;D:\Maven\repository\org\junit\jupiter\junit-jupiter-api\5.8.2\junit-jupiter-api-5.8.2.jar;D:\Maven\repository\org\opentest4j\opentest4j\1.2.0\opentest4j-1.2.0.jar;D:\Maven\repository\org\junit\platform\junit-platform-commons\1.8.2\junit-platform-commons-1.8.2.jar;D:\Maven\repository\org\apiguardian\apiguardian-api\1.1.2\apiguardian-api-1.1.2.jar;D:\Maven\repository\org\junit\jupiter\junit-jupiter-params\5.8.2\junit-jupiter-params-5.8.2.jar;D:\Maven\repository\org\junit\jupiter\junit-jupiter-engine\5.8.2\junit-jupiter-engine-5.8.2.jar;D:\Maven\repository\org\junit\platform\junit-platform-engine\1.8.2\junit-platform-engine-1.8.2.jar;D:\Maven\repository\org\mockito\mockito-core\4.5.1\mockito-core-4.5.1.jar;D:\Maven\repository\net\bytebuddy\byte-buddy\1.12.23\byte-buddy-1.12.23.jar;D:\Maven\repository\net\bytebuddy\byte-buddy-agent\1.12.23\byte-buddy-agent-1.12.23.jar;D:\Maven\repository\org\objenesis\objenesis\3.2\objenesis-3.2.jar;D:\Maven\repository\org\mockito\mockito-junit-jupiter\4.5.1\mockito-junit-jupiter-4.5.1.jar;D:\Maven\repository\org\skyscreamer\jsonassert\1.5.1\jsonassert-1.5.1.jar;D:\Maven\repository\com\vaadin\external\google\android-json\0.0.20131108.vaadin1\android-json-0.0.20131108.vaadin1.jar;D:\Maven\repository\org\springframework\spring-test\5.3.29\spring-test-5.3.29.jar;D:\Maven\repository\org\xmlunit\xmlunit-core\2.9.1\xmlunit-core-2.9.1.jar;D:\Maven\repository\com\baomidou\mybatis-plus-boot-starter\3.0.5\mybatis-plus-boot-starter-3.0.5.jar;D:\Maven\repository\com\baomidou\mybatis-plus\3.0.5\mybatis-plus-3.0.5.jar;D:\Maven\repository\com\baomidou\mybatis-plus-generator\3.0.5\mybatis-plus-generator-3.0.5.jar;D:\Maven\repository\org\springframework\boot\spring-boot-starter-jdbc\2.7.14\spring-boot-starter-jdbc-2.7.14.jar;D:\Maven\repository\com\zaxxer\HikariCP\4.0.3\HikariCP-4.0.3.jar;D:\Maven\repository\org\springframework\spring-jdbc\5.3.29\spring-jdbc-5.3.29.jar;D:\Maven\repository\org\springframework\spring-tx\5.3.29\spring-tx-5.3.29.jar;D:\Maven\repository\com\mysql\mysql-connector-j\8.0.31\mysql-connector-j-8.0.31.jar;D:\Maven\repository\cn\dev33\sa-token-spring-boot-starter\1.35.0.RC\sa-token-spring-boot-starter-1.35.0.RC.jar;D:\Maven\repository\org\springframework\boot\spring-boot-starter-web\2.7.14\spring-boot-starter-web-2.7.14.jar;D:\Maven\repository\org\springframework\boot\spring-boot-starter-json\2.7.14\spring-boot-starter-json-2.7.14.jar;D:\Maven\repository\com\fasterxml\jackson\core\jackson-databind\2.13.5\jackson-databind-2.13.5.jar;D:\Maven\repository\com\fasterxml\jackson\core\jackson-annotations\2.13.5\jackson-annotations-2.13.5.jar;D:\Maven\repository\com\fasterxml\jackson\core\jackson-core\2.13.5\jackson-core-2.13.5.jar;D:\Maven\repository\com\fasterxml\jackson\datatype\jackson-datatype-jdk8\2.13.5\jackson-datatype-jdk8-2.13.5.jar;D:\Maven\repository\com\fasterxml\jackson\datatype\jackson-datatype-jsr310\2.13.5\jackson-datatype-jsr310-2.13.5.jar;D:\Maven\repository\com\fasterxml\jackson\module\jackson-module-parameter-names\2.13.5\jackson-module-parameter-names-2.13.5.jar;D:\Maven\repository\org\springframework\boot\spring-boot-starter-tomcat\2.7.14\spring-boot-starter-tomcat-2.7.14.jar;D:\Maven\repository\org\apache\tomcat\embed\tomcat-embed-core\9.0.78\tomcat-embed-core-9.0.78.jar;D:\Maven\repository\org\apache\tomcat\embed\tomcat-embed-el\9.0.78\tomcat-embed-el-9.0.78.jar;D:\Maven\repository\org\apache\tomcat\embed\tomcat-embed-websocket\9.0.78\tomcat-embed-websocket-9.0.78.jar;D:\Maven\repository\org\springframework\spring-web\5.3.29\spring-web-5.3.29.jar;D:\Maven\repository\org\springframework\spring-webmvc\5.3.29\spring-webmvc-5.3.29.jar;D:\Maven\repository\cn\dev33\sa-token-servlet\1.35.0.RC\sa-token-servlet-1.35.0.RC.jar;D:\Maven\repository\cn\dev33\sa-token-core\1.35.0.RC\sa-token-core-1.35.0.RC.jar;D:\Maven\repository\cn\dev33\sa-token-spring-boot-autoconfig\1.35.0.RC\sa-token-spring-boot-autoconfig-1.35.0.RC.jar;D:\Maven\repository\com\baomidou\mybatis-plus-extension\3.4.3.1\mybatis-plus-extension-3.4.3.1.jar;D:\Maven\repository\com\baomidou\mybatis-plus-core\3.4.3.1\mybatis-plus-core-3.4.3.1.jar;D:\Maven\repository\com\baomidou\mybatis-plus-annotation\3.4.3.1\mybatis-plus-annotation-3.4.3.1.jar;D:\Maven\repository\com\github\jsqlparser\jsqlparser\4.0\jsqlparser-4.0.jar;D:\Maven\repository\org\mybatis\mybatis\3.5.7\mybatis-3.5.7.jar;D:\Maven\repository\org\mybatis\mybatis-spring\2.0.6\mybatis-spring-2.0.6.jar;"/>
    <property name="java.vm.vendor" value="Amazon.com Inc."/>
    <property name="sun.arch.data.model" value="64"/>
    <property name="user.variant" value=""/>
    <property name="java.vendor.url" value="https://aws.amazon.com/corretto/"/>
    <property name="user.timezone" value="Asia/Shanghai"/>
    <property name="java.vm.specification.version" value="1.8"/>
    <property name="os.name" value="Windows 11"/>
    <property name="user.country" value="CN"/>
    <property name="sun.java.launcher" value="SUN_STANDARD"/>
    <property name="sun.boot.library.path" value="C:\Users\黄\.jdks\corretto-1.8.0_372\jre\bin"/>
    <property name="sun.java.command" value="C:\Users\黄\AppData\Local\Temp\surefire3066264236057384389\surefirebooter2690247271908811928.jar C:\Users\黄\AppData\Local\Temp\surefire3066264236057384389 2023-07-25T13-45-42_599-jvmRun1 surefire3915944299666973385tmp surefire_02633185234371091902tmp"/>
    <property name="surefire.test.class.path" value="D:\JAVAProgram\zhihu\target\test-classes;D:\JAVAProgram\zhihu\target\classes;D:\Maven\repository\org\springframework\boot\spring-boot-starter\2.7.14\spring-boot-starter-2.7.14.jar;D:\Maven\repository\org\springframework\boot\spring-boot\2.7.14\spring-boot-2.7.14.jar;D:\Maven\repository\org\springframework\spring-context\5.3.29\spring-context-5.3.29.jar;D:\Maven\repository\org\springframework\spring-aop\5.3.29\spring-aop-5.3.29.jar;D:\Maven\repository\org\springframework\spring-beans\5.3.29\spring-beans-5.3.29.jar;D:\Maven\repository\org\springframework\spring-expression\5.3.29\spring-expression-5.3.29.jar;D:\Maven\repository\org\springframework\boot\spring-boot-autoconfigure\2.7.14\spring-boot-autoconfigure-2.7.14.jar;D:\Maven\repository\org\springframework\boot\spring-boot-starter-logging\2.7.14\spring-boot-starter-logging-2.7.14.jar;D:\Maven\repository\ch\qos\logback\logback-classic\1.2.12\logback-classic-1.2.12.jar;D:\Maven\repository\ch\qos\logback\logback-core\1.2.12\logback-core-1.2.12.jar;D:\Maven\repository\org\apache\logging\log4j\log4j-to-slf4j\2.17.2\log4j-to-slf4j-2.17.2.jar;D:\Maven\repository\org\apache\logging\log4j\log4j-api\2.17.2\log4j-api-2.17.2.jar;D:\Maven\repository\org\slf4j\jul-to-slf4j\1.7.36\jul-to-slf4j-1.7.36.jar;D:\Maven\repository\jakarta\annotation\jakarta.annotation-api\1.3.5\jakarta.annotation-api-1.3.5.jar;D:\Maven\repository\org\springframework\spring-core\5.3.29\spring-core-5.3.29.jar;D:\Maven\repository\org\springframework\spring-jcl\5.3.29\spring-jcl-5.3.29.jar;D:\Maven\repository\org\yaml\snakeyaml\1.30\snakeyaml-1.30.jar;D:\Maven\repository\org\springframework\boot\spring-boot-devtools\2.7.14\spring-boot-devtools-2.7.14.jar;D:\Maven\repository\org\springframework\boot\spring-boot-configuration-processor\2.7.14\spring-boot-configuration-processor-2.7.14.jar;D:\Maven\repository\org\projectlombok\lombok\1.18.28\lombok-1.18.28.jar;D:\Maven\repository\org\springframework\boot\spring-boot-starter-test\2.7.14\spring-boot-starter-test-2.7.14.jar;D:\Maven\repository\org\springframework\boot\spring-boot-test\2.7.14\spring-boot-test-2.7.14.jar;D:\Maven\repository\org\springframework\boot\spring-boot-test-autoconfigure\2.7.14\spring-boot-test-autoconfigure-2.7.14.jar;D:\Maven\repository\com\jayway\jsonpath\json-path\2.7.0\json-path-2.7.0.jar;D:\Maven\repository\net\minidev\json-smart\2.4.11\json-smart-2.4.11.jar;D:\Maven\repository\net\minidev\accessors-smart\2.4.11\accessors-smart-2.4.11.jar;D:\Maven\repository\org\ow2\asm\asm\9.3\asm-9.3.jar;D:\Maven\repository\org\slf4j\slf4j-api\1.7.36\slf4j-api-1.7.36.jar;D:\Maven\repository\jakarta\xml\bind\jakarta.xml.bind-api\2.3.3\jakarta.xml.bind-api-2.3.3.jar;D:\Maven\repository\jakarta\activation\jakarta.activation-api\1.2.2\jakarta.activation-api-1.2.2.jar;D:\Maven\repository\org\assertj\assertj-core\3.22.0\assertj-core-3.22.0.jar;D:\Maven\repository\org\hamcrest\hamcrest\2.2\hamcrest-2.2.jar;D:\Maven\repository\org\junit\jupiter\junit-jupiter\5.8.2\junit-jupiter-5.8.2.jar;D:\Maven\repository\org\junit\jupiter\junit-jupiter-api\5.8.2\junit-jupiter-api-5.8.2.jar;D:\Maven\repository\org\opentest4j\opentest4j\1.2.0\opentest4j-1.2.0.jar;D:\Maven\repository\org\junit\platform\junit-platform-commons\1.8.2\junit-platform-commons-1.8.2.jar;D:\Maven\repository\org\apiguardian\apiguardian-api\1.1.2\apiguardian-api-1.1.2.jar;D:\Maven\repository\org\junit\jupiter\junit-jupiter-params\5.8.2\junit-jupiter-params-5.8.2.jar;D:\Maven\repository\org\junit\jupiter\junit-jupiter-engine\5.8.2\junit-jupiter-engine-5.8.2.jar;D:\Maven\repository\org\junit\platform\junit-platform-engine\1.8.2\junit-platform-engine-1.8.2.jar;D:\Maven\repository\org\mockito\mockito-core\4.5.1\mockito-core-4.5.1.jar;D:\Maven\repository\net\bytebuddy\byte-buddy\1.12.23\byte-buddy-1.12.23.jar;D:\Maven\repository\net\bytebuddy\byte-buddy-agent\1.12.23\byte-buddy-agent-1.12.23.jar;D:\Maven\repository\org\objenesis\objenesis\3.2\objenesis-3.2.jar;D:\Maven\repository\org\mockito\mockito-junit-jupiter\4.5.1\mockito-junit-jupiter-4.5.1.jar;D:\Maven\repository\org\skyscreamer\jsonassert\1.5.1\jsonassert-1.5.1.jar;D:\Maven\repository\com\vaadin\external\google\android-json\0.0.20131108.vaadin1\android-json-0.0.20131108.vaadin1.jar;D:\Maven\repository\org\springframework\spring-test\5.3.29\spring-test-5.3.29.jar;D:\Maven\repository\org\xmlunit\xmlunit-core\2.9.1\xmlunit-core-2.9.1.jar;D:\Maven\repository\com\baomidou\mybatis-plus-boot-starter\3.0.5\mybatis-plus-boot-starter-3.0.5.jar;D:\Maven\repository\com\baomidou\mybatis-plus\3.0.5\mybatis-plus-3.0.5.jar;D:\Maven\repository\com\baomidou\mybatis-plus-generator\3.0.5\mybatis-plus-generator-3.0.5.jar;D:\Maven\repository\org\springframework\boot\spring-boot-starter-jdbc\2.7.14\spring-boot-starter-jdbc-2.7.14.jar;D:\Maven\repository\com\zaxxer\HikariCP\4.0.3\HikariCP-4.0.3.jar;D:\Maven\repository\org\springframework\spring-jdbc\5.3.29\spring-jdbc-5.3.29.jar;D:\Maven\repository\org\springframework\spring-tx\5.3.29\spring-tx-5.3.29.jar;D:\Maven\repository\com\mysql\mysql-connector-j\8.0.31\mysql-connector-j-8.0.31.jar;D:\Maven\repository\cn\dev33\sa-token-spring-boot-starter\1.35.0.RC\sa-token-spring-boot-starter-1.35.0.RC.jar;D:\Maven\repository\org\springframework\boot\spring-boot-starter-web\2.7.14\spring-boot-starter-web-2.7.14.jar;D:\Maven\repository\org\springframework\boot\spring-boot-starter-json\2.7.14\spring-boot-starter-json-2.7.14.jar;D:\Maven\repository\com\fasterxml\jackson\core\jackson-databind\2.13.5\jackson-databind-2.13.5.jar;D:\Maven\repository\com\fasterxml\jackson\core\jackson-annotations\2.13.5\jackson-annotations-2.13.5.jar;D:\Maven\repository\com\fasterxml\jackson\core\jackson-core\2.13.5\jackson-core-2.13.5.jar;D:\Maven\repository\com\fasterxml\jackson\datatype\jackson-datatype-jdk8\2.13.5\jackson-datatype-jdk8-2.13.5.jar;D:\Maven\repository\com\fasterxml\jackson\datatype\jackson-datatype-jsr310\2.13.5\jackson-datatype-jsr310-2.13.5.jar;D:\Maven\repository\com\fasterxml\jackson\module\jackson-module-parameter-names\2.13.5\jackson-module-parameter-names-2.13.5.jar;D:\Maven\repository\org\springframework\boot\spring-boot-starter-tomcat\2.7.14\spring-boot-starter-tomcat-2.7.14.jar;D:\Maven\repository\org\apache\tomcat\embed\tomcat-embed-core\9.0.78\tomcat-embed-core-9.0.78.jar;D:\Maven\repository\org\apache\tomcat\embed\tomcat-embed-el\9.0.78\tomcat-embed-el-9.0.78.jar;D:\Maven\repository\org\apache\tomcat\embed\tomcat-embed-websocket\9.0.78\tomcat-embed-websocket-9.0.78.jar;D:\Maven\repository\org\springframework\spring-web\5.3.29\spring-web-5.3.29.jar;D:\Maven\repository\org\springframework\spring-webmvc\5.3.29\spring-webmvc-5.3.29.jar;D:\Maven\repository\cn\dev33\sa-token-servlet\1.35.0.RC\sa-token-servlet-1.35.0.RC.jar;D:\Maven\repository\cn\dev33\sa-token-core\1.35.0.RC\sa-token-core-1.35.0.RC.jar;D:\Maven\repository\cn\dev33\sa-token-spring-boot-autoconfig\1.35.0.RC\sa-token-spring-boot-autoconfig-1.35.0.RC.jar;D:\Maven\repository\com\baomidou\mybatis-plus-extension\3.4.3.1\mybatis-plus-extension-3.4.3.1.jar;D:\Maven\repository\com\baomidou\mybatis-plus-core\3.4.3.1\mybatis-plus-core-3.4.3.1.jar;D:\Maven\repository\com\baomidou\mybatis-plus-annotation\3.4.3.1\mybatis-plus-annotation-3.4.3.1.jar;D:\Maven\repository\com\github\jsqlparser\jsqlparser\4.0\jsqlparser-4.0.jar;D:\Maven\repository\org\mybatis\mybatis\3.5.7\mybatis-3.5.7.jar;D:\Maven\repository\org\mybatis\mybatis-spring\2.0.6\mybatis-spring-2.0.6.jar;"/>
    <property name="sun.cpu.endian" value="little"/>
    <property name="user.home" value="C:\Users\黄"/>
    <property name="user.language" value="zh"/>
    <property name="java.specification.vendor" value="Oracle Corporation"/>
    <property name="java.home" value="C:\Users\黄\.jdks\corretto-1.8.0_372\jre"/>
    <property name="basedir" value="D:\JAVAProgram\zhihu"/>
    <property name="file.separator" value="\"/>
    <property name="line.separator" value="&#10;"/>
    <property name="java.vm.specification.vendor" value="Oracle Corporation"/>
    <property name="java.specification.name" value="Java Platform API Specification"/>
    <property name="java.awt.graphicsenv" value="sun.awt.Win32GraphicsEnvironment"/>
    <property name="surefire.real.class.path" value="C:\Users\黄\AppData\Local\Temp\surefire3066264236057384389\surefirebooter2690247271908811928.jar"/>
    <property name="sun.boot.class.path" value="C:\Users\黄\.jdks\corretto-1.8.0_372\jre\lib\resources.jar;C:\Users\黄\.jdks\corretto-1.8.0_372\jre\lib\rt.jar;C:\Users\黄\.jdks\corretto-1.8.0_372\jre\lib\sunrsasign.jar;C:\Users\黄\.jdks\corretto-1.8.0_372\jre\lib\jsse.jar;C:\Users\黄\.jdks\corretto-1.8.0_372\jre\lib\jce.jar;C:\Users\黄\.jdks\corretto-1.8.0_372\jre\lib\charsets.jar;C:\Users\黄\.jdks\corretto-1.8.0_372\jre\lib\jfr.jar;C:\Users\黄\.jdks\corretto-1.8.0_372\jre\classes"/>
    <property name="user.script" value=""/>
    <property name="sun.management.compiler" value="HotSpot 64-Bit Tiered Compilers"/>
    <property name="java.runtime.version" value="1.8.0_372-b07"/>
    <property name="user.name" value="黄"/>
    <property name="path.separator" value=";"/>
    <property name="os.version" value="10.0"/>
    <property name="java.endorsed.dirs" value="C:\Users\黄\.jdks\corretto-1.8.0_372\jre\lib\endorsed"/>
    <property name="java.runtime.name" value="OpenJDK Runtime Environment"/>
    <property name="file.encoding" value="GBK"/>
    <property name="java.vm.name" value="OpenJDK 64-Bit Server VM"/>
    <property name="localRepository" value="D:\Maven\repository"/>
    <property name="java.vendor.url.bug" value="https://github.com/corretto/corretto-8/issues/"/>
    <property name="java.io.tmpdir" value="C:\Users\黄\AppData\Local\Temp\"/>
    <property name="idea.version" value="2023.1.4"/>
    <property name="java.version" value="1.8.0_372"/>
    <property name="user.dir" value="D:\JAVAProgram\zhihu"/>
    <property name="os.arch" value="amd64"/>
    <property name="java.vm.specification.name" value="Java Virtual Machine Specification"/>
    <property name="java.awt.printerjob" value="sun.awt.windows.WPrinterJob"/>
    <property name="sun.os.patch.level" value=""/>
    <property name="java.library.path" value="C:\Users\黄\.jdks\corretto-1.8.0_372\jre\bin;C:\WINDOWS\Sun\Java\bin;C:\WINDOWS\system32;C:\WINDOWS;D:\VMware\bin\;C:\Windows\system32;C:\Windows;C:\Windows\System32\Wbem;C:\Windows\System32\WindowsPowerShell\v1.0\;C:\Windows\System32\OpenSSH\;C:\Program Files\dotnet\;C:\Program Files (x86)\NVIDIA Corporation\PhysX\Common;C:\Program Files\NVIDIA Corporation\NVIDIA NvDLISR;C:\WINDOWS\system32;C:\WINDOWS;C:\WINDOWS\System32\Wbem;C:\WINDOWS\System32\WindowsPowerShell\v1.0\;C:\WINDOWS\System32\OpenSSH\;D:\Cygwin\bin;D:\JDK\jdk-19_windows-x64_bin\jdk-19.0.1\bin;D:\JDK\jdk-19_windows-x64_bin\jdk-19.0.1\jre\bin;D:\MySQL\bin;D:\Xshell\;D:\Maven\apache-maven-3.9.0-bin\apache-maven-3.9.0\bin;D:\node.js;D:\node.js\node_global;D:\node.js\node_cache;D:\Git\Git\cmd;D:\Python\Scripts\;D:\Python\;C:\Users\黄\AppData\Local\Microsoft\WindowsApps;D:\IDEA\IntelliJ IDEA 2022.2.3\bin;;D:\DataGrip\DataGrip 2022.3\bin;;D:\CLion\CLion 2022.3.3\bin;;D:\PyCharm\PyCharm 2022.3.1\bin;;D:\WebStorm\WebStorm 2022.3.2\bin;;D:\VScode\Microsoft VS Code Insiders\bin;D:\node.js\node_global;;."/>
    <property name="java.vm.info" value="mixed mode"/>
    <property name="java.vendor" value="Amazon.com Inc."/>
    <property name="java.vm.version" value="25.372-b07"/>
    <property name="java.specification.maintenance.version" value="4"/>
    <property name="java.ext.dirs" value="C:\Users\黄\.jdks\corretto-1.8.0_372\jre\lib\ext;C:\WINDOWS\Sun\Java\lib\ext"/>
    <property name="sun.io.unicode.encoding" value="UnicodeLittle"/>
    <property name="java.class.version" value="52.0"/>
  </properties>
  <testcase name="contextLoads" classname="com.hmh.zhihu.ZhihuApplicationTests" time="0.199"/>
</testsuite>